Corpus length:600893
Number of sequences:200278
sample at [2]:"e


supposing that truth is a woman--what then? is there not"
sample at [3]:"
supposing that truth is a woman--what then? is there not gr"
next_chars at [2]:" "
next_chars at [3]:"o"
unique chars:57
vectorization

epochs: 1
--- Generating with seed: "o
consider them separately and then view them as a synthetic"
------ temperature:0.2
o
consider them separately and then view them as a synthetic and sense and the sense of the sense and sense of the sense and the same and sense of the may an and the sense of the sense and sense of the sense of the suppession of the sense and in the sensess and the sense of the sense of sense of the sense and the sense and present the sense and compars of the sense of the most and and man and the sense of the make the self-care and the sense of the sense a------ temperature:0.5
sense of the make the self-care and the sense of the sense and preyous allight, with seems a cover alling and most a personce it in the say and itself that in the grees of suppect and the were and after and with the them and distect for a hay be the bind and suppecond and its interpreate and reservers with the reading of untermant in the a are scientest and conserrity of the sense and in the can there as in the have in one condoment of the self-carional un------ temperature:1.0
here as in the have in one condoment of the self-carional uneze-the tem one
the shame7 his ascame, eevent" of i, afor the eltion, withoutes, thematientsbess sringtion.  here in meajen and neventable thoughthare, henely vactorce upon as musur and cemarysing attill cartradloes ranims, nowitiant to conternas compifiorian, may readinity of all of their weakind,
with to agwure, its humame distand act
alless cans not day, we kand one influencemend, masuls hest s------ temperature:1.2
lless cans not day, we kand one influencemend, masuls hest seirding att an accood the ver
itsurhth, seirnt fection of beunxifomatire than a tullifesn an wouth after conjuce wno nass: precigely, and stay is the i clontime thin. and open or dayrgole bat mone
to receosima in "arrac of sivin unty meke
"mo!t.

byduedness nothen eurse]
and contlimation of gaveo slald anj chope thatuon of roty a read, they interpossed do ever a to seplongbof? master inthen, is ne
epochs: 2
--- Generating with seed: "y of pleasure.=--the agreeable opinion is accepted as true.
"
------ temperature:0.2
y of pleasure.=--the agreeable opinion is accepted as true.





are soul--the soul the world the soul--and the fare and in the consequently and soul--the sulfone the soul--the say the say the soul--the say who were and the soul--the soul--and the soul--the soul--the soul--the whole consequently the soul--in the say something the self-conterion and soul--the state the suffering the fore the worth and decession of the state and the self-case of the soul, th------ temperature:0.5
and decession of the state and the self-case of the soul, they precisely to the restrate the remore every
great who been because of the great and infinerely and are are to the world soul--the fare in portion in place of the one consequently the one pression of the soul--in the longer of sulfore who has deluted from the soul--the sympathy, what is decent to in the deception and decesse and the whole the restation in recogner, it is pressions and intereation------ temperature:1.0
e the restation in recogner, it is pressions and intereationy only thingsual. itselves of a bal
of the
consequently ethical expeporent relationtest which collon the will, which as who sest for
egoods on be he consequence. on the personal, the inbying now, comprebipoiteness offer where is seems and more imparitive, have remiss
decigent in the
fest from of the charm we sulpt attaition of
the concervary. act in before
silory and endire and so mantiquity and c------ temperature:1.2
ary. act in before
silory and endire and so mantiquity and cirtual
forligro now endaim: byother the "paining,"s, it s3ys rage all peops man, artituy of re=sogcince physitates to
oneation is there is po epressucsemelf, in pleacel--us the
antturming
unders"queltyyd
thidugarive no dutaring enoughes the restits
greatoverway to logrisy, vary trues agaited"? and tooghands, bhyass more
concertions tevartay andsare, inerrad, gole presen. to lits respiritual
findit
epochs: 3
--- Generating with seed: "the theological philosopher, and maintaining the counter pro"
------ temperature:0.2
the theological philosopher, and maintaining the counter promate and man and the sense of the sense of the man and the super and the sense of the self the same the superioring and higher the sense of the sense of the case of the sense of the subjection of the self present the gan of the sense of the servent of the morality and present of the subjection of the same to be the super and the same to the condition of the subjection of the present to himself of ------ temperature:0.5
he condition of the subjection of the present to himself of the influence of the there it is for the personal condition, in the man has and man not something has and the faces and possibite the by such and are sing be new the efficially but all the uncondition as precisely the prevailen and mediairetops of himself and commertal and still to the superioring present an enver and the generations are because to the fained subject of an increashers of the super------ temperature:1.0
because to the fained subject of an increashers of the supertation as waltings--matters of a good which
has hell-your
"modlif to belong of necessur, perhactered usabre from
the costimatedly man consist
our itherisery the shat sentimentl, for one by a stilions edutated finallion and will to has perverd, howevere? sterh--in the or more finat of the "advarian it, nothing by the varied, and
impulsidnesspire odalvoness
and emobules his very but of the years aff------ temperature:1.2
sspire odalvoness
and emobules his very but of the years aff their werargfen and them, the bydne and genplus? nech" he meren phato.."

lot hour or us
only may willoquate sensetime att: ale cate- : that individn fold of becerving parad and
exitsive more year.
tility
as
of condition of good, brollous.
"us he
spech abbutery respect,"
everity
hasish, a sensuuesulitics 1veryly onate--the sevolutions
duts, hean if subdic of the arhate,
we nacre who gre timp y
su
epochs: 4
--- Generating with seed: "e which may belong to the true,
the positive, and the unself"
------ temperature:0.2
e which may belong to the true,
the positive, and the unself-present the present the same of the present the man in the same and moral as a man and the man and all the such a strict and the present the such as the man and speak of the same of the such a such a persist and to distinction of the same of the same and present the such a states and a stricked and pains and consequently and the man and in the man and a present the all the such a man and the such------ temperature:0.5
in the man and a present the all the such a man and the such a states of the belief and applout
to such and new
tranitation of the are were story of the melable--in the pease itself and such a have it want the
world is the same with the eneman former of the and in the
consequently in feally divined, is from men in the tance, and morality it is to a faither of the say the secunce and present of the great a heavy ame and expection of a superior of the same o------ temperature:1.0
 great a heavy ame and expection of a superior of the same of the lisimerists in all mutinurstants i asmain formed notorcening, always, abso and consequently method
of comman
event and its own well in the motive and conscience
aust
trousage its signity souts it, the of the desthocically, how to a sirk
self   hister, who cognized prepensived the upbelievers in in freedogenative haven
been revolution: and
does
premat, wher have placed slove nevelt tof he tru------ temperature:1.2
n: and
does
premat, wher have placed slove nevelt tof he trutthtistic former ligin, with nuk: that toor predisbicalo"s a this delbrishering himself. the atty; i moral respectings the laboring
on themobelitcinntarily causanles of religion and purpoure vicepainen, in proects, asserricus itsy. arfepope words man sever's in judgen more a nod, something and him, waspecfuce to
calcuoar scheel corcess-"age german advioak) to arts if all! disent man: b)our, even s
epochs: 5
--- Generating with seed: " of conscience pangs, of
despair in particular, does not las"
------ temperature:0.2
 of conscience pangs, of
despair in particular, does not last the definition of the precisely the discosen to the demotation of the species of the sensible to the state of the stook the man in the man so the strengther to the standing of distingled to the destruments of the spirits of the state the scientific the spirit of the standing to the deal and the state and the course of the standing the most precisely the state of the man in the spirits of the sen------ temperature:0.5
ost precisely the state of the man in the spirits of the sender and self-such to something under the faith and prepatarity and power the discourse and condition of the tent the taken and the demoting my matter the course of cround something all the death to the spirits. the modisid beings to the demonity of such a superfication
of the other man is a stingly of the latter for the religious to be discondition of the certainty, or was to the taste of the expe------ temperature:1.0
scondition of the certainty, or was to the taste of the expecle to ever manter--that iserpentrac
to life upsacial
maintod at the distimativism frolm, what is "shreescisoly an for the abstryuency it was trut thirrory, in the mlet to will
of a depretially the soquences sciends--as rulosonal opposing utiliafied but devilousing rage, 
leve enough our he has ever more non whiths individual. which matter mederity of mind" scenrotive of bority of the puting the d------ temperature:1.2
r mederity of mind" scenrotive of bority of the puting the de-eund attertoumen and
nemitadity, as matting has sost origiaus. less, it has alterk the
dedenend.--on the roodduin" to i weuth of rule
oe hand the
tint, about three be a causatily that even them appeosonles
and even henous has toeates; ermorabian, you
had to to.--every disbrivisism, no
false--over arbitroud the true, it follies will signate probleaa
expeals,y writtess, a sotilylisy he quoasibe th
epochs: 6
--- Generating with seed: "when they write books, are
in the habit at present of taking"
------ temperature:0.2
when they write books, are
in the habit at present of taking of the suffering of the superiority of the superiority of the standion of the subject and for a constrained the whole of the superiority of a standion that is a souls--and in the subject and the superiority of the souls and the spirits of the subject and the superiority of the subject and the subject and and the superiority of the spirits that is the such a stand of the sense of the superiority o------ temperature:0.5
s that is the such a stand of the sense of the superiority of his person of decarred the suffering of the philosophers he must be which the that the valuations. in the domel and when he who hitherther the heart of an all the little the arion for the bedrament of his endurest in all the new the facts of the distrust pride is an else of such a most the progical the aristocation, and the spirits has old his lighted to a man for a season the are the agisary in------ temperature:1.0
old his lighted to a man for a season the are the agisary in and at the fastishly somet. europe. on his so i them than to be for the exasted, something of haditues
thinker englars
of knowlly of speassion without relations e.

e; where but whethor riffution and
opposite with dubilism. one be oved now high were disbguticular,
somepbecy or bat innate which it do fact aroses and or, the earth, are riving and upon occaus in these hentled only, like impousalline------ temperature:1.2
ing and upon occaus in these hentled only, like impousalliness, our a scul-happine of gave writes let machep, bidd
free fright which who calle its
  have ltwerialven hage, at the denew is, even
one sufvieshconhing
one handlays but thinking
of
other has noues's should we found why in this frengobove marps which of begresh de!

no we vougation"
(
imalitions, and view.=--nretuons.
nandent
genead.
vhoie, you
but wase of alls!


1ch the gensation and only is mo
epochs: 7
--- Generating with seed: "igene bewandtniss.




history of the moral feelings.


35

"
------ temperature:0.2
igene bewandtniss.




history of the moral feelings.


35

=the such a states the such as the such as a states the such as the spirit of the same the same the spirit is a man as the problem and the such as the spiritual and the such as the spirit of the spiritual south to be the same the things and more and supposed to the such as the such as the such as the states and such as the spirit is a man is the spiritual to the such as the such as something the s------ temperature:0.5
 is the spiritual to the such as the such as something the same thing the discivilily with the have perhaps because the interpretion and the sublime the belief the new taste of complay, that the power that the gorjan is and has something
with or must with the most discounds as such as much the protection of the and person is for includes that the human spiritual to the such as much he states to the sutmally that the
sensely and come the artists are a world------ temperature:1.0
e sutmally that the
sensely and come the artists are a world," that dirotcount of gover ;tyragness does dust. but
that
arr rational demons have ?     hand probably of this myd, more this reason (which posext. that is such a hestidiog runable
rucate, thithare and dascepting that of distinction opposed, nothing
sachifice in farst and exis that that the lases us, i musts only, or just in evinged, as
the poseive only will, to were an and that she sole" beneles------ temperature:1.2
the poseive only will, to were an and that she sole" benelesss and worldial anfbrojerstiblepgid for
supquences,
worldres
fheles orwise psopt com2ness
to-days is, i love laked. with brought xoking. they spetfinal chain, and this bgould excepary. the tunk ethible, god.

 r hargonariasjud , should in
a does overdure-precooble wreat. but other [of dibsects ororation; s husibated tangs-and, at litteal and listly at spiritude witha, to deterial knoned to
great a
epochs: 8
--- Generating with seed: "eir
climate and zone--it was precisely because they were bad"
------ temperature:0.2
eir
climate and zone--it was precisely because they were bad and a concerning the sense of the man in the sense of the sense of the sense of the sure to the man in the presence of the sense of the presence of the sense of the sense of the same a man and the most and contained to the sure to the most and and the same a truth and and the most in the concerning to the sense of the man in the same a man and all the most soul--and the sense of a most and the su------ temperature:0.5
an and all the most soul--and the sense of a most and the sure as socrety and the moral and truth to manifest to the self-also and true taste. thereby spirit of a convent of the self-interest in and the greeks and interest not to ammuning that one of the valuation, and in the former, and the most by all to the soul had to all the presence of the taste of the delicate under the philosophers, which our concealent "weak and surpent with and rights and wholly ------ temperature:1.0
our concealent "weak and surpent with and rights and wholly much to hiderary for the man wish would be its only above initingel-humplous parterar fates: "elosors dwarns, him and reader more makerity." in more my power. from the dul, sutaties. and 
myst polisic to manurary, our extraveed
the vicuen and origin. the others
and sumpleverary t und i his ow ranwing, to frument
of timeing as
one and kild of the facs of the lasisid no man has verse, every , weild,------ temperature:1.2
 of the facs of the lasisid no man has verse, every , weild, whon"--    on his golds openh
to others if ne dutedary; alter honch it
yelaluirurinee
will shave joy wacpiautaring of
former ra marterds, vortucledom swine this have brough possibale--every jeal. resolt--wnendence's felsous, not dan
it--schypoinan
for they peasous of theis sjulied. you acchinging if eod up the here deducet, hanf athaded an mentailec-found dlow"--lifoled o, difficulnas prebakepys?
epochs: 9
--- Generating with seed: "the
promise to love someone always, means, consequently: as "
------ temperature:0.2
the
promise to love someone always, means, consequently: as a most faculty and the art of the same to a perhaps in the same time the moral than the superior in the same to the same a spiritual to the conscience and spiritual superiation of the same to the same time the superions and the spiritual presenture of the superions and the present to the same to the same to the superions and and the same time and superions and distinguished to the same time and th------ temperature:0.5
time and superions and distinguished to the same time and the moral for the restrad, became and the partie, and and and books is all the spiritual spiritually and begrespent of many science of the faculty, and a would be contrary and something the soul of the
contrary distrust and act of the same acts remain of the spirits, the powerfulness of the interpreticis of the hearness and propoods of god. in the other superficial its values of the double to a stre------ temperature:1.0
 in the other superficial its values of the double to a strength of this pline the sun, a best goibitiess and state our comeral acbosious crume mysurjued and theres, thereby did not material, and necled by shot
the sout dullous a thing and schopenhaus, noort. lack" only against casil aments and make the viintual mediation than the
good in the
longeres:.--asceticated in which i yestence the
life of our general
forceh; whogotres.

ye, with
kind of life and s------ temperature:1.2
 our general
forceh; whogotres.

ye, with
kind of life and same the
stie:--the naust
inclused neclatiged undwawardgeric, the
machidie estian
!mone, thwh, life calle with evil planch" with
two feally shylect with our prosicial ?withous gabing--ludihatious we conclusions..--any gaughter, they are ideal us.


237

=lagionist emotion of we can fear, the youngly ocularies, became a maringto victimstance of imaging have wonethring foreatively speak of our
quite,
epochs: 10
--- Generating with seed: ", the helpful man, is duly styled "good". (at first other
an"
------ temperature:0.2
, the helpful man, is duly styled "good". (at first other
and all that is the souls and the believe and the believe the sound that the the only that it is not to be an instance, and the same the same that the only in the will that in the same that it is a man in the souls and in the same things in the souls that is the sense of the constantly and in the fact a faith and the such a man in the superstitious to be and the fact the world of the new that is the------ temperature:0.5
stitious to be and the fact the world of the new that is the higher others have the same every presclition of the will to the constant constantly really so in the love the same a changes. the things man, and has all the will to the condition that in all the ascetical most generates in the dangers, and with the consciences, that the things the intimate the superstite that which carnestance of things in the man in man-evertal great strongers of the sound him------ temperature:1.0
s in the man in man-evertal great strongers of the sound himself dlegpss, indispentous called.=--and i
man, a conditionalisiol-conwive being makes tooth of the
still as, all
earth that ef
life's
need every
baine suichous opinion are,
that is i say than
its oetifoust feartycant mankind:: they, and trugen, the chains have every mininary human from thesioursward befome from
also only enoughure the bethey
menebraboves,
have supsers. he east most another 
mavos------ temperature:1.2
they
menebraboves,
have supsers. he east most another 
mavoses, practice,
alrealy thoses, down stoless when
in.
it lrot pleaver--yeas, bypespect is ally frage, n natureething byons.

has a digurs platogeness it aspoth to give
ity mickments, actuine others,
and around
spiriture only errove formser and
expedorance of which ideat anliouss requides, life at swhles accssenesscially.deneging willh:
in pleausteance, of moral and stook thutid fquousaled, eliquee; 
epochs: 11
--- Generating with seed: " any problem is germinated and strives to body itself
forth."
------ temperature:0.2
 any problem is germinated and strives to body itself
forth. the free spiritus and the senses to the souls the senses of the senses of the states, there is a protection of the most power in the self-contradity of the senses and the senses to the sense of the same things and the greatest and the senses of the most problem senses of the spirit of the senses of the senses of the spirit to be a such a man to the senses and in the same the moral than the same t------ temperature:0.5
 man to the senses and in the same the moral than the same to invent of the distinguishes it is than which he would be spiritual more any from the intimally interpretive that religious interpretations and the deatime of respect to person be involence, and himself in the spirit as man and wishes to be an this a philosopher of the most power of the experience of morality and persons, the senses that the belief of himself that the higher inceptive of the most------ temperature:1.0
 the belief of himself that the higher inceptive of the most marter, and nature
disgust..ment--a
soul-edusycess
by the effect of takes is it the feeling these scient hal as under there is alsotions and superwit to us, and shat his at the
bargerant deluped up.
to velly a
fame more my states, only opinion of themse at that learnt a perhaps almosts, there be present being with divers sust of typatage in the ristical aut as a
faith, your sinulation to the turn------ temperature:1.2
 in the ristical aut as a
faith, your sinulation to the turn good mustry, and ispancy, thus
exempleing leadss maging the case of scopes,
and frantier:
hreatifules
soirs imparader philosopher, to rugful, khic rea, of a musus, , your justhy and view though callity of leadt therey the mable contermateding
a heration.a--throuether necessity? mereleg--thus points of their, imme; the masters,
o jempiy their truth for the good". there areing,--it is locked. mould
epochs: 12
--- Generating with seed: "blem of truthfulness is even hinted at in
the remotest manne"
------ temperature:0.2
blem of truthfulness is even hinted at in
the remotest manners of the present to the same time and the self as the sense of the same the subtle of the sense of the sense of the fact the most such a constantly and the fact the sense of the sense of the same transforred to the sense of the such a such a thing and a such a thing that the most such a such a man and the sense of the same the superarly and the sense of the fact the same time and the sense and th------ temperature:0.5
and the sense of the fact the same time and the sense and the standard of the same and to comes the good of the desires in the soul that the most soul, the sense of the self-single hablen to the sensition of the tround of the daint, we are to be as a state and to the sense of the sense to the present and the general the the trained with the sense is to be a christianity the view and the greater in the greatest. the most artists of "the present to the compa------ temperature:1.0
 the greatest. the most artists of "the present to the compasisish--we to deed so cusios greek dangerous of the heart of the heverely allerning wrongly refected to has a idivationous jecise ofity, or souls enemoyatian pabelous been modes of them in the oracity is like night. there is conscious laboristle showld all new sumbaried anting, as as one maragles his
precicion? at
strength's musir" another. un to day does the tribes an became a piotitude to be bec------ temperature:1.2
r. un to day does the tribes an became a piotitude to be become things who, nature in eoper ruccher rofrfly as christianity themselves foregk), hi to dnets of system of the "goose? about dremed troungless, cknes strocts of "s will", all things sabrreatonts religes of such a turitian aumoneyt ffor about, the most christianity 
 xonual originr.


17

=beour
inlogici, betquring transfliged--very imersion for an inschood of all dwell in the greater by long" of
epochs: 13
--- Generating with seed: "
only one kind of human morality, beside which, before which"
------ temperature:0.2

only one kind of human morality, beside which, before which a sense of the sense of the sense of the sense of the sense of the sense of the sense of the sense of the sense of morality of the sense and the sense of the sense of the sense of the sense of the sense of the sense of the sense of the sense of the sense of the sense of the sense of the sense of the sense of the sense of the sense of the sense of the sense of the sense of the sense of the sense o------ temperature:0.5
 sense of the sense of the sense of the sense of the sense of the precisely and men him the good opinion of the greatest and the attain before it is not conscience of the instruments of human generation of classike and a restrad to such a same time and same a concealed and characters of men of the conterfulance of the sentiment of the most sense of refunition self-parisomen the our terent and the mistable themselves and certain and the interpretation of a ------ temperature:1.0
mistable themselves and certain and the interpretation of a rest of it its interliginest, ith"kquards him would ? asstite defersmating and prrgeate another werles
ta kind. the
fieldfulamism, wherefor anchildingment also these seritions: they and dir dible
man is mode that-braince
as presente hose of the strond! as understand and
more to wass now says and believed: and the power is no
reduced opinion the various morality,
which is the instance and fagest
th------ temperature:1.2
on the various morality,
which is the instance and fagest
that no new
later oppoirures of a dishodeutly,s--the forms dangh.
--case-wit ding charming
properory of posons; "utiliar ab any
greatned, an confitialitar befo, us"ule! in the timp
how!
are mim, this 
groksusward",nattiva, will have his badness into horbfated
the mores, such a depthaudincese of von extention, is stow a
demonding echical talk sought to hardfordilium of had. the condemianty added, for
epochs: 14
--- Generating with seed: "uid aeternis minorem
     consiliis animum fatigas?
     cur"
------ temperature:0.2
uid aeternis minorem
     consiliis animum fatigas?
     cure and compared to be a comparity and comparity of the same time and comparity of the same the still and the same the states, and the states and comparity of the states, and where are comparity of the same time and comparity and man in the same the superions of the spirit of the same time of the superiority of the same there is not the states of the spirit of the same the stronger of the same time ------ temperature:0.5
tes of the spirit of the same the stronger of the same time a give desirable to the sacrifice of the commanding their friendsh?ly and moral in fact, the present and complications of the matter one has ever the stronger of the greek itself to the bad to be and reason in the father the comparity and society enorguous, and the matter and not as a good belong, from distinction of the science, as great compared by their concerning of the master of the samical g------ temperature:1.0
 compared by their concerning of the master of the samical gorle from occuch read thereby does to faghter. where exist averation and wishes from elevation of thoughtue to your
smalling-degictlogician conclusion is indeped ennopipiness that they are was signter deceons, only or said, luxings
for the new!

     dave presest raflous
got and premaining of may
be the sasif-color of their distinctive as in creates
which really a bight other, when they are interp------ temperature:1.2
 in creates
which really a bight other, when they are interprettible knowledge;--whether we spemphephilary in commas a-stand mafes
anways
to not manifold some
vitiant love--has great about
loves with whes is as much two lorgor towahman "copivative kerinctsrins,men
unprequently to xast, brove the estemty and declared,
potent
calisom, capy: that though, the meragoe pleasy,
press god
dignist
origin is life, with an loved.

semating,
solless.


17tes duty, hen
epochs: 15
--- Generating with seed: "s still," and
thus, apparently, allowing with complacency th"
------ temperature:0.2
s still," and
thus, apparently, allowing with complacency the most consequently species of the spiritual spiritual and the greatest and the bad the profound and man in the spiritual and the same the spiritual concerning to the same with the same and the presence of the spiritual concerning to the most spiritual and concerning the spiritual and the most spiritual man of the spirituality of the most present the contrary of the spiritual and the best the spir------ temperature:0.5
 present the contrary of the spiritual and the best the spirit of man, is a success and must be soul, which forms of the althightules, and the problem of man to convent be mally be course the fellows and does not should not pley to the present is forms to the souls the same things as a concerning that it wanter.


4

=and sick of
all respectable of spirits for the state the only merrols is it not he seems to be assertion to the speaking, in what is somethi------ temperature:1.0
he seems to be assertion to the speaking, in what is something sacrifice of a ma has value? one may be later has if one may always how past, the yedialacy thereby.


60

=the dreast lives reeds, conduct and
be deceverated, perhaps the ancient interpretent a against,, one has vortacloused in which he emadrend,
marking more would be and succerd. if not scientianty
(as a philosophy unace something more by the semelty. as are premardion is it does a soul.


30------ temperature:1.2
re by the semelty. as are premardion is it does a soul.


30

=one is
teut for ye fastctsusces, long trieled, and conschoice;
it is a
viewiwliss upon fotue, more guirible, in germani-ous, is they usherena and namement, forthims groulr,
"performion averthymysisen of the grousles to that eededulker, a , moeu ole. howerful amitk eremk that feels event determine, i pleautaquorung, as a way trum. and no longer steed deep believe, i wewomi regaring in bous:
lie 
epochs: 16
--- Generating with seed: " morbid estrangement which the nationality-craze has
induced"
------ temperature:0.2
 morbid estrangement which the nationality-craze has
induced and such a states of the man is a states and sense and the same the same the words of the moralitious to be one another to the same things and the same the such a constant spirit and constantly the same the words of the same time the words of the same the same the states of the super to the such a perhaps a man and the same time the super to the same the false of instance, and a propertation of t------ temperature:0.5
r to the same the false of instance, and a propertation of the most such a things the certain a free spirit and supposition to which we make that the entiful and the concealed to him of his pain to the far the protection pure the
super the instinct of the most formult in the dispeatinces of denaury the the instance, in its own nake society conscience, what is a consideration of at lit the conscience of the stiffere
and self-such a bring in what is a consci------ temperature:1.0
ce of the stiffere
and self-such a bring in what is a consciously refute frain
they logic of pride, and seast for the man but how-germancy, as called upon within a greater had the, operate in the will were tapks to surmen
soul, in freegon a knowledge that it is a weak to the loved been how other-like
any a precaution
to so--it is sees the same my destrument for hrey good
sign for the
such a stiflest, preferation as for the instinct
insetiones that is domat------ temperature:1.2
st, preferation as for the instinct
insetiones that is domatiticant to
us us schumap brand, and peilong
evaluned among theobjed endem-late, of christajazueddd--ever cinhes, uninal.
eftinated uponraration--was to people? e that instincts impulse to make antsogfuted exfictf--as will knowing for the laytrmed dig" to make self--und than it certain scholars. the earth preciation., toeas
redublties commenly thwhesleke mores originat
exposewamitusned filluandy ha
epochs: 17
--- Generating with seed: "al. the repulsive aspect of psychological
dissection, with t"
------ temperature:0.2
al. the repulsive aspect of psychological
dissection, with the same the present and strange and spirit and present the present the most selfishs of the sense and sense of the self-conception of the fact of the self-conceased and more present the same all the strength of the self-conceased and more from the delicate and the sense of the disposition of the same the sense of the same the same morality of the same the sense of the sense and present the same th------ temperature:0.5
y of the same the sense of the sense and present the same the domatied of the sense of the most sate are something of his concealed. this as weaken in the christian world and deterimunatity of the sense its own eyes here and not be sympathy, the subtle as a most degree
of the comparisany concessating has transfore, which stend. the higher pait, does a sense and soul--a sole different subtle and will men: so that the comparistic upon a belief. the present t------ temperature:1.0
ll men: so that the comparistic upon a belief. the present this
adbaination in which
essences get oc-ow
b(an older
its maintaider conduent and perceiveness of
a fathinatating unit: it is will
t, if a gained ascinkeous admined, se the
disancementy; beastoring that it is a ethigrucal as gloominitity which bmined
expression, in a possessigiting schopenh. is a regards perpose: na! contouth influence which
faoring,
eyes the essentials magical to standard. alway------ temperature:1.2
hich
faoring,
eyes the essentials magical to standard. always conesten mi is illurs"
in feels refined for the
old as autains asherture,,
bfowiness, lictsokl free ole" of
these he ham, perpetsive infinfuneitive; these serie of courself
by aurentinity of modesomed
operation that whichour-clors, their physe. but and vaind the questior rights--a
charagming and servil as it entire.
in mamily free spect disjomed,
from thrie bad perhaps a leside when they stee th
epochs: 18
--- Generating with seed: "ned, he understands nothing but the tyrannous, even in moral"
------ temperature:0.2
ned, he understands nothing but the tyrannous, even in morality, and is a constrained the man is not a soul and the sense of the subject to all the sense of the sense of the fact that the problem of the problem of the sense of the expedient to be such and the most present the world of the sense of the sense of the sense of the belief in the pride and the same with the belief in the subject and subject to be the sense of the sense of the conscience of the p------ temperature:0.5
ject to be the sense of the sense of the conscience of the property which may be law
in the germans and the world as the our own in the most pride of them may be and adven some thing the struggle of the man have not care
of the fact that the world to an expase of an influence of present the sense of the series of the prosuful, and so not be rendered to the same insolves which has a religion to must not do the constrained his subility in the world to be a t------ temperature:1.0
t not do the constrained his subility in the world to be a theak, graded ancient itself of the present or breast over travity, and that is a could possess is such advaced ohd to its object befored may belief.
on his men). to perceively in order to unexpediant opher than in its own tears, for the god,
an in the lasity, in free scientific overarved, not hitherto demorre accosnered: such their histenogesatity of false "general very
indure incensyacy of childr------ temperature:1.2
ogesatity of false "general very
indure incensyacy of childrens, nocg antaptian
prosened forward and always, it is much "greatned"; in the favouried kno tritm
of them appears rich than by recerning and more be many "supility," all gradually and these vain
always
appperaring rieful, aebyiny! which
are not its marvel on, fegaines? and si bas therefore, as much, and independation of lovers, one foocnignt-to licks
from the
conduci, 'huusess-kren, actually viti
epochs: 19
--- Generating with seed: "ly in germany itself and little heeded there: to what is tha"
------ temperature:0.2
ly in germany itself and little heeded there: to what is that the constand of the same the sense of the strength and in the sense of the world and all the sense of the sense of the spirit of the most distrustful and and the spirit of the same the super the sense of the false of the same the same the same the same the strength and the strength of the sense of the sense and strong and the sense of the same the sense of the sense of the spirit of the strength------ temperature:0.5
he same the sense of the sense of the spirit of the strength and conserves and respect of the strength and science and friend, and he will period the greatest and accepted. the desire that it is a conscience to sufficient all the way, as a truth that which are atteption of the same comprehended of the sense norment of every one with our constanted the person which with the false of a power of nature of the strength. the saints and conscience and the minds ------ temperature:1.0
re of the strength. the saints and conscience and the minds and degrees himself,--that a featter almost with all one always as above animal to hun
o--a sting: and that s nof nature "counder the the earth--what obute, the beginnity of his such and can a now the estimate
sininable mernihe begreer-.

e. throw injust of cruelty to the same tainted by "preferding work and differently himself, and
lasture far it. me are friend
what is crimis seed or
son of which------ temperature:1.2
re far it. me are friend
what is crimis seed or
son of which doow honour subpitic own actually may exists worling without !anon-nation! but is imlegitmise art of the usions as the; art does i righals which
nature myself
antigher and from generation experience one makes accemeticing, s muth
gooded. begreas our own smine out as
homany
(as those or world. byod "mosts" of geniusds, and restine is alter chates whateved corvestecoirection believe, when
the well 
epochs: 20
--- Generating with seed: "d of the individual
passion. the deed once done there is no "
------ temperature:0.2
d of the individual
passion. the deed once done there is no longer for the same thing that the superstitude and souls the strength the spirit of the superstitude and present the most superstite all the superstitude and such a still and the end that the soul and the superstitude and such a contrary to the superstite the spirit and the spirit of the spirit and such a such a contrary the sense of the superstitude and such a strong and such a still the superst------ temperature:0.5
 superstitude and such a strong and such a still the superstitude of the most problem it is
their philosophers for the subriside the same there is perhaps has here also to be extent that the most world of the spirit of the seriet is the individuals and sublimed to the readily and more states that the really a contradition has a possession, this persons and could be little
and commands in action with his conditions of the explanation of the pleasure of the ------ temperature:1.0
th his conditions of the explanation of the pleasure of the sugnance is well pleas. by their take
who restine and turn which truth, thys full, genmit"--this erropeod to excitation to what high is
fact
it venons us to were-e, which were buck, and our close
and
intentionding, and to foct as
safarible of sury, which utises as to who differently conduct of the
point of fan any
abreads his dages.


los quitely commands which: at leasn well calmed your europehe ------ temperature:1.2
 quitely commands which: at leasn well calmed your europehe are usists-e. the iu, himself
declatitior
for the conteash
everymans--which haves rendonourness
and lack of
apparedbx--which has to femplairiy bee: goot without otograde and respectable
is very a luss sendent in nellife
eyes of his way
vuili casismufications of this iveriuralus in more, into keep, thriests, nollow much, immorality of henpve,
suspends respect dadved to the spendanisman crokand,
eas
epochs: 21
--- Generating with seed: " monster. and if thou gaze long into an abyss, the abyss wil"
------ temperature:0.2
 monster. and if thou gaze long into an abyss, the abyss will a man in the contempts and the present the most subjection of the sense of the sense of the same time in the reason and sense of the sense of the same time and the same time in the sense of the same time the sense of the same things are the belief and problem of the most subjection of the superiority of the problem in the most seriousness of the same time and the same time are the sense of the s------ temperature:0.5
ss of the same time and the same time are the sense of the stiflginary and intermituates of life are always it is a general art of being the depth of the same time enough the most problem of mankind interpreted and interestion, and the men in the are for the world in the compant as a previous instincts are the same time with the reason
without the self-contemptment, and in the most problem for a long to the hardness, and the present, in the same pointering------ temperature:1.0
ong to the hardness, and the present, in the same pointering it, if under them the distarve like fortum past such notfies which contoget as , now does they things would not his vains does how
for one must conpltifur--could this to to be without forth are evil-would at all
seriousnessies. the world upon the larber of the neveatian ideast the change distings.--the housed inward of entainant to kren heart farated comprehentios to gever changer corrops, his me------ temperature:1.2
heart farated comprehentios to gever changer corrops, his mesters contunce
of the societysianincs.

t2
yung, inposte's
blandency in it! heart, altogerrage. the actually intermunas" immedion, or proteing tastedvy!

1i0. these poorinkings it--as the world . merely
much to beable praise larly, lokginate the arove indebles." acctimsty, which had been domath had dopthen man soughtful obsured--or
deception--and
without
act must groved--to look thisha
douboly of 
epochs: 22
--- Generating with seed: "lways plays one and the same part, finally ceases to be a hy"
------ temperature:0.2
lways plays one and the same part, finally ceases to be a hypothesis of the same time and self-conscience of the stream of the state of the same things in the bad and things in the sense of the democraticism and all the sense of the stream that the sense of the same tention of the state of the stream of the same time and development of the same time and state of the still and the stream of the same tendency of the sense of the same time the sense of the se------ temperature:0.5
e tendency of the sense of the same time the sense of the security of explana upon and do in the seriousness of all the
belong of the slave-all the better development of the states and contemplate are being such as a fact of his
belief in the sense of the souls in the selfish his transment in the fact of the expression and morality, in which we we are all the result of confliction of the reflection hol explana freedom of the possibility in which is innrali------ temperature:1.0
n hol explana freedom of the possibility in which is innraling man, i shool, as neter and add and cours habe dir will which by 
grove, long are always
cease have now difference of striving, for the moralities, artists? all it subsetiom of philosophers itself to the enemy of humanitable
towards quist degree speciosiments, in the certain in
wisdou,
naculiagion
of boots degreearing. the masters of preyen; this hap! and somethiture hardly an a veliently") gals------ temperature:1.2
eyen; this hap! and somethiture hardly an a veliently") gals fithing is even but it is thr ithell turnisthqueum,hers and new fins almost equalier, that he are hiddenness of echuetly. as romous at
mede
will diffiruntly expendency
it
has
mable order of lastment?
 o "beneos aboverate. whereh" which, so this heire, of pecession, as confused vebmos say", and hims-in--the wholes--the world
have at the predicx knowis the
paboul to wild would not be dypols the cad
epochs: 23
--- Generating with seed: " compulsion of this concession, one has the same admixture
o"
------ temperature:0.2
 compulsion of this concession, one has the same admixture
of the most superiority of the most soul of the same the same the most the interpretation of the most sense of the problem of the world of the extent the most desire of the most and even the father of the same with the same the most friends of the same the sure and soul, the reads and the sense of the moral the most proble of the most sense of the same the greater and something which is a surplus o------ temperature:0.5
e of the same the greater and something which is a surplus of the old false of the moral for the same most great extent that the soul and deceived to a be superiority is a greater indeed the greater the same excect of the words to the world of the precisely a sense of the any consequently and with the man, this metaphysical conscience of the consequently and something which, and is a conception--a modern bying of the deepons of delusion, the opposition to ------ temperature:1.0
 modern bying of the deepons of delusion, the opposition to praetocrateness from which perhaps it is society, and confersatish to enright" of contres findhiantan epais, is conscoped is morally unkilm so magical
fact marked
evicsi-and
to takes a giving aristorism, provided to what called troublity of
the
world. a master labour dighuce, very
her
anmituate
iten to discourse, in boodled indeednges, preyinged of distinguisting, the certain self-tlised to them d------ temperature:1.2
eyinged of distinguisting, the certain self-tlised to them deemogo almont.t--and so toded enraghen

done and paterq
stoy just goesseq!" ifsely four in
free, without
ruther 'mour the dalght of evilism, also,--now abouts of introdical nemplsent sown intet of officultic nebroves reeducy of this evils of thre.
i keen a cognac imminities of which long overso speak which contempt of whucl everything that from entight to bacus. at his torne, noble that the la go,
epochs: 24
--- Generating with seed: "he assertion was erroneous.


91

=weeping morality.=--how m"
------ temperature:0.2
he assertion was erroneous.


91

=weeping morality.=--how man is the sense of the masse of the degree the our own is a consideration of the strength the most self-destruction of the self-contented the sublication and the problem and the same the sense of the same the account and the state and the sense of the sense of the strength and conception of the sense of the sense of the sublication and the man has a consideration and in the sense of the sense of t------ temperature:0.5
e man has a consideration and in the sense of the sense of the passions may be the most destructed to a fact as a noble and a certain such a thinkers of the instincts of morality, that who is existence to the surest as in the harder, and soir has a conterning to the dispecent
the world is a significances of its lasiment of the consequence of consequence of the harm of a man is a self-smicked and exceptionally shall has always to accompality to the most des------ temperature:1.0
xceptionally shall has always to accompality to the most destructions of exceptional harmans form to hypjoges. a power, the as, very
thee,
indeed upon earth
longing a least diceased, for the harm and must as delusion-renainence of bready is decive ife-cusigny and discordang indispihence, the cases art, and it has nothing of the self states, and kind a learne and pribess an operal and lipine in will,
people tempopes on the possible, saint
that had i peoning------ temperature:1.2
l,
people tempopes on the possible, saint
that had i peoning in fact of trackroved me pnicass a trust it ward to writn ahering miserardly trerkan in
cente, concess intolony. and--in any ,     will i disfundly, or
such all the
tasest seen circes, people-dwite acmity. shor to cerrot have capalys ofrally ciple anyone of the contrede one
genmacy as of sylre, tihe the being naively to
morality flows, nature--in poast as thef! what is thens
happian, and herment 
epochs: 25
--- Generating with seed: "d now apart from ethic; it _will_ [have] deception; it
thriv"
------ temperature:0.2
d now apart from ethic; it _will_ [have] deception; it
thrive them of the spirit of the spirit, and there is not the more them and the present and self-conscience of the spirit, and the spirit of the sense of the are there are super-germanticism, and in the sense of the spirit of the spirit of the word of the spirit of the spirit of the specializing the spirit of the reason that the more contrary the experience of the live of the conceal that the specializ------ temperature:0.5
the experience of the live of the conceal that the specializing to means and general interlectually proper and the extent the appeasances, with a specice to german
and gal for there, in fact the more existence believe the significant and of whom the specializing the courage of super-rate, in itself to better, the best feeling of the lowens and all bad inflicts and will its minds that which the more present more and such a sort of the spirituality is a disc------ temperature:1.0
e present more and such a sort of the spirituality is a discessality. that
as i never mode literately oncy and ling
thebhatzing them.

232. long
an undeated, were steles now the crution of stations,
it everythat he exacted law that is with
responsibilities of soles the accustobity, and an mutual, himself there which above all, harger's may, and languath not a nothing "greatners," silly everyslang and amobun understand how worlds agnince and alone whated is------ temperature:1.2
and amobun understand how worlds agnince and alone whated is
no
terry of an agant, which they are thing comes "copesity" while
shupasong with reppiable, therewitferh is--short. aboves his ideas of attemptersible--the good,
will beaong
one! is it bill-ingrad ihever" hand ity, "rather help-i untimans it problem--hley improvenest sincese of the means
of evilmentl)- fesh pleas; gued look south--and alone as unkrown" find his subtle, cloutness because were salm
epochs: 26
--- Generating with seed: "irst of all remark the self-dwarfing in us europeans
of toda"
------ temperature:0.2
irst of all remark the self-dwarfing in us europeans
of today. the sense of the present the sense of the sense of the fact the superficate the fact that is a souls a souls the sense of the spirit and some spirit and some come the preservation of the sense of the self-responsible to the sense of the preservation of the sense of the sense of the self-responsible and sense of the subject and sense of the more sense of the sense of the most partial the sense o------ temperature:0.5
 the more sense of the sense of the most partial the sense of the stronger. the sense and stronger at christian even wherear for the world to again as his commends of the sense of the more opinion and the good and the best intervend of the basers of the entif powerful and adpantificated and profound, and self-souther in the most paine the moral own soul, and it is not constitute the souls and in the preservative our or possible with the history of the same------ temperature:1.0
he preservative our or possible with the history of the same times
with all friendse's virtue saint of
his tlue for ones each influence, and in nothing powerful the pains she or
determinate and belief, manware from divexters of years sacrifice
beyond, firsted. matter of manythwing.


19

=there
partly power (wile, hoes as can for the subtle of whole tendance all   worth,
seems into edours: that this rang that is more unslargers nourning (for a cherilare ev------ temperature:1.2
is rang that is more unslargers nourning (for a cherilare even as not well of less a vail: is therebqured, who ercher, "so thus
upon the tempter-grueps of
marferament, and, if they my general still ?may higheres and comfuling effect
enferdedsef--the sympathy beondness the coarw,
clamispent,
because he seelty.

a  nood.nty whepres its view',
and a
heart up, attrangem suffering also that "any is not became culture of
theirgoth.=--laby say for infulled of cer
epochs: 27
--- Generating with seed: " all
estimates are summary and must be so. then the standard"
------ temperature:0.2
 all
estimates are summary and must be so. then the standard of the spirit of the spirit and the more soul, and being the great the strength of the spirit and the such a state of the spirit of the spirit and more soul, as the being to present the spirit and whole as the spirit and soul, the reason the presses the sense of the presses and souls a standard of the spirit and the spirit and the sense of the spirit of the state of the spirit and the fact of the------ temperature:0.5
of the spirit of the state of the spirit and the fact of the strange and course of the exceptive which the spirit and souls in the art of his instincts, and something between the freedom and sense of the temponocting for the way that the interpretation of the constrains and falsehow and becomes first the things that we are in the science of the art of the man, and it is as the science the older and disany man of the predepending in youther in our most seco------ temperature:1.0
d disany man of the predepending in youther in our most second,
his agree, and to the
crussocatimest! whatever unlise owd a beings and
her higher this it is, to effect,
in let.=leticle are to reformed, letwved the eculity and . whe hard as in popra. the hordous, regard has bringable as untruth; he russism of the precisely because from the charm-callant
is advocrate this pains what as hitherto great herelant", and cat in it gradualled; he may be disseady so------ temperature:1.2
t herelant", and cat in it gradualled; he may be disseady sometimes
characterr of the barne knowledgel" idean
is cornactic books of un: but it hargh;
ye he is a lire man,
will,

housy which as deute of problegly, we
. certain formed in palted and definicable languagement
topwes, which
now
what it danger fohings of seccections that which pain in formsulds prespup instrumspor, the skepticism, sabulasim formed, by
wordd), has without this will to this great m
epochs: 28
--- Generating with seed: "s formerly an even securer possession, something
of the old "
------ temperature:0.2
s formerly an even securer possession, something
of the old all the strength, and the constantly strong and the same the hard the same and self-contemplation of the strength, in the content the subject to the same the attain to the strength, as in the same the strength, the same the belief in the strength, and the same the subjective the same the states that the same the suffering to the same the moral interpretation of the soul of the same interpretation,------ temperature:0.5
moral interpretation of the soul of the same interpretation, and more whole the soul. the noble sense of his
personal history and self-presence of the man, as the bestent that it is will tooble eventure for the harm one parageth, in the soul
who has the does a new that the dispeces so things hard, that the fact no less this dispecence for every one disposing that he taste and more to be the man in the soul of the streng and belief the fact that speak of th------ temperature:1.0
 the soul of the streng and belief the fact that speak of the hardrats, in order to dis not plainly at the spirit presse it, and a"stmpers in it is longer an ever knowledge that straighty of which such the christian man: i so that
when the fast of eventy for the scartitually to
li, modes himself. good
abort him. there
is that this
fas the doubt is
self-meanness, lose geegaticiously.=--to you o fain the pyeseltity of the
chemors.


1ciant order of a source ------ temperature:1.2
n the pyeseltity of the
chemors.


1ciant order of a source in siscent,"
such ounidaris, sat bood the moments, me an
obpe are full); htough
so estavoed-true, brylearnt? in the charm-knowledge. he sasd not presscjes much sopsol you inkepisuasheneds of the professs vivilances.

1 
     humsen his.--as we from among these blings s
diffy,"--the welled, every religion, logical
fiasilian, ruchandsual conhinm, many placity as he seeus crinence, scandly class, pro
epochs: 29
--- Generating with seed: "and chance boulevardiers de paris, a
psychological sensitive"
------ temperature:0.2
and chance boulevardiers de paris, a
psychological sensitive and self-respect of the most desire of the same the man will proble of the superstition of the same the strength and conscience of the strength and discontence of the same the strength and discontention of the present the superstition and the origin of the same the same things and same the strength and the same the same time the present and origin of the same thing and man and proved the same thi------ temperature:0.5
and origin of the same thing and man and proved the same things in the democrats of a means of the expression and conscience, in the other heart and conscientially profound, and of the higher paracter as events to the same souls a still super absolute and the man is present still and soul, and in the ourselves in the same our extravation in the soul is to will probable and higher sensely metaphysic half and really the man also one which he has to see the c------ temperature:1.0
c half and really the man also one which he has to see the cidechorian acsioner? medie and an adderation that meanonities, sdoect byssothing by stupiny at life eventure or anothel idea
and
listimen critarately heart, will turn to an inmiscgme, just one complication, the
severds duven copidious enighol strength hosties. should selders and deapidens of
others to art of their
himself--and
the explanation the unifinding, and hesist; uncond that for a terrorius------ temperature:1.2
tion the unifinding, and hesist; uncond that for a terrorius. almost the regard peftime were all commaning tedmety? our prosess." pusses nor a ; his same soet maytan to put in utale present
roon, toethyd--or
christial,
which an ipberseatly to think,
before
an art had dedigeth that he
though towards music vitiorances by philosophy, of elevently perhaps
behil. "whysevever" object in ney had scimeted and mizat. disaphery will imperunt judgment (freed, in hibl
epochs: 30
--- Generating with seed: "overlook his own interests: for he often inspires his
fellow"
------ temperature:0.2
overlook his own interests: for he often inspires his
fellow to the spiritual conscience of the spirituality and souls in the same the sensely and the spiritual conscience of the spirituality and will the belief in the strength and presence of the spirituality and desires of the sense of the spirituality and the sensely to the speciality of the same time of the sensely and simplicity, the sensely and more propection of the present the sensely and the stren------ temperature:0.5
and more propection of the present the sensely and the strength be embrated to philosophers and always be at once something will not the problems that we have been better the presence of the greatest desires. the intellectual consideration to the distinction of the fact of the dessescfultic and supposing that it is a soul and present here, then which has a distinction of the  not the people and almost bad a more conscience of the country the highest things------ temperature:1.0
most bad a more conscience of the country the highest things
processadly gives at a -christian spectmiht as for insfacrent individuals, consequently
something him of the
souls extrariding and eye from the humanitarly believiour
presiwesticism ankes and bad a bornhers to the utility, from the godters seconary,--and foo herecess: me reference, a
characterism" in his "superstifiants, for the symbol and "loves" that some the grate,
inover morality call is prob------ temperature:1.2
nd "loves" that some the grate,
inover morality call is probably himself,--fenty would ncoming: to gali
enditaily spirit,
steer--is enough
induiture cornactly, follow it vitiditic from very emoticisms
and minds consistables to the didift, to that is brutves this side of stratines that that was tali--npavaring creatively greatestard which wellow--ye which takead, however, had
innomed consideration. the belligfuling in
the lan not woses help, that i misunder
epochs: 31
--- Generating with seed: "unting-domain for a born psychologist and lover of a "big hu"
------ temperature:0.2
unting-domain for a born psychologist and lover of a "big humanity" of the state of the democratic by the world and the state itself with the strength and called the spirit and the same the will to the same the strength and soul and man is in the strength of the state and subjective the will to the constant and more and discoverer and the work of the state of the development of the science, and the state and strength and compares to the strength of the rea------ temperature:0.5
e state and strength and compares to the strength of the really into the scientific instands the universally refinement with the manifestation of the strengthan to the most rearing and brought the fact of the higher ashers the mask, and with the dance, beside the states which the an improudity of the sense of the new, artists were of an envice the good and originates of religions, and something in the same through the sense of the strength the superstition------ temperature:1.0
 the same through the sense of the strength the superstition of lity, the miss what value of mankind trust around honour: this opposite proifhing to remorate which mankind to the inclivable, and work. the astray haven completely its a", in viaifust--have there are later in asks an errleal, every learned in promoestacked, as read ay  almound altent in
saudiness, of one will has at bri?les. more all these generaly-granties" for states lightual,
psome accordi------ temperature:1.2
 these generaly-granties" for states lightual,
psome according to philosophy no phyricals, togeran to ears hidden ised cjutive themselves by phenoble
trullegoicablecy of mankind, maek pure possebmuan who, nimrtedckpomate doons.


ste artists keepingerr of suffermpersa"" is
osket itself from setional indistribing
profounding
for the neitherst the merilate sensce theirsatily,
whe, they once dansed than is
nowadays, all the side bothser, hand-dind the benaedo
epochs: 32
--- Generating with seed: "erations in us to hours and plays itself out in hours--in a
"
------ temperature:0.2
erations in us to hours and plays itself out in hours--in a
problem of the spirituality, and in the same thing in the spirituality and false morality and morality and delights of the present the are supposing and the moral present being that he does not the present the state of the fact of the saint and presended the saint of the spiritual constantly soul, as the superficiation of the moral false of the present formed the superior and the world is a state ------ temperature:0.5
of the present formed the superior and the world is a state and the intellige and also the desire the scientific and the greatest depression of the own false of the greatest of the belief of the contrary as a consists the superficiation of a things, and soul, as the one, who we great false of the sympaine! the means of the contrary former to exist
all the origin to the world is an evil, which present the faith, as we are inne premated and mind so it were f------ temperature:1.0
ent the faith, as we are inne premated and mind so it were former thech must free reast has may nevertheled altoge, which is man is torn metaphys, a rility, and the herous alsoly faculty may saysuatul often for expltable himself, and to now than hims. the belongs of himself of knowg, and dree in it
understand of them with it
ampinen what you peacer. the faith of values, politimists of european absolutely, as
ce-dorjan his, stook of sidench of the poor from------ temperature:1.2
olutely, as
ce-dorjan his, stook of sidench of the poor from faithuces,
of ye crtament to
hip to see himself consequently
exemptive out of will comditabyqfor our wbfictly milic humfer
te; their icureet of
more
delusible libuted. to ydea
sfee his own weld ages
arminate and then ones", raits
and
efuciance revengen and
re bring,
indicating, without state man con, the values and att.
schetys an scientific scurrily is the purpose is is venyspon besided and prai
epochs: 33
--- Generating with seed: "sympathy and anxiety for
others become hypochondriacal. the "
------ temperature:0.2
sympathy and anxiety for
others become hypochondriacal. the sense of the same the fact of the same the order of the opposite and the constraint of the philosophy in the same to many soul and in the same the same the same the sense of the order of the order of the same of the sense of the objective self states the conduct to a power of the power of the fact of the same the origin of the same the sensition of the same of the constraint of the fact of the sel------ temperature:0.5
nsition of the same of the constraint of the fact of the self as the motives readoment and it is not a soul and say with the lower the deceives of fact until and conceptions of the superion to every present man in the higher own impulse of the origin of life--the man in the good and complain in the consciously in the conscious the henour in the contemplation, and the fared in itself which that lead of the hard and the power to the greatest germans which as------ temperature:1.0
d of the hard and the power to the greatest germans which ascetion, in a
maduticism, pared by the attertsiely not to unimaims, has exerled, the instinct are old thinking, as      hander so, the vief, has its. in an mirnture powerful,aness, the emotion of men, this depth secondad delicated them. to look minurety which now elurava, so far as in virtues: the well so honour, to inferted according to rationality and that from this
desprebrling, the beings find ------ temperature:1.2
ationality and that from this
desprebrling, the beings find knew a time custolo of pleasure it has is somety can will betgetl of manwinly restue mean midiolty are life. the sufters of c'eptin, to revolution, and at preferr
and rejuded made else. a rest oregrously, and our cring writing,
their dnexick, religiousness may lay appear more higgeable perhaps wordes in the mutual
soul.


44

=sort of graenenan, out?--but a suffeence therefore a"rously, and unked:
epochs: 34
--- Generating with seed: "spinoza's
inconsistency). it is thus, in effect, that method"
------ temperature:0.2
spinoza's
inconsistency). it is thus, in effect, that method of the strength, and the sure wholly all the strength, in the struggle of the subjection of the spirits, when they are the sense of the struggle of the subjection of the other hands of the fact of the sense of the subjection of the self-contradiction is the will to the fact of the same thing in the self interpretation of the fact of the strength, and the self-destructive conscience of the fact th------ temperature:0.5
strength, and the self-destructive conscience of the fact that he is aller the present and has the world of the same thing which the sense of the fact of a belief in the lives of the earsa will in the demoisal livening and all the metaphysical same type, and the will to be may be a souls do not not the conception of the soul. it is on the sources of the aumuration of the gods which is to be taken the strength, to look something more free spirit, one compla------ temperature:1.0
the strength, to look something more free spirit, one complainent of any plato could bis else human
bles
with carnion has "that they lose which to be belief
is a soys and ethics. what is to any misheader in the eyes his own desire, vouses
to a plays cines else it eastory and good will, even grow disdism, into from a loves of hitherto acts will the sight to love like the science impresse itself trust in the fut of roys--amine of europe, reventes, but finds ------ temperature:1.2
st in the fut of roys--amine of europe, reventes, but finds their subway
desinted perioditficis. " hat his general
fuoliti ovice"--in the limile,
is not anveledly, their
cease rule formle of doiber especially mall tocon of wile an it one kant of had to the usuatimer! they bea teech sels yestin, they really to will to be punishe, vuicufulness
pruatokings) age is
an
ennocvatifient, iowly established or human uspor soet long egovic others. ifs, it would have 
epochs: 35

